<?xml version="1.0" encoding="UTF-8"?>
<testExecutions version="1">
  <file path="/Users/thiagoazevedo/Documents/Acelera/ProjetoAcelera/carango-bom-base/src/tests/components/alert/CustomAlert.test.jsx">
    <testCase name="When I call a alert should render with correctly message" duration="118"/>
  </file>
  <file path="/Users/thiagoazevedo/Documents/Acelera/ProjetoAcelera/carango-bom-base/src/tests/Dashboard/dashboard.test.jsx">
    <testCase name="When I create a Dashboard Component and the cards render should expect count of cars" duration="68"/>
    <testCase name="When I create a Dashboard Component and the cards render should expect Brand Name" duration="17"/>
    <testCase name="should render all components from sidebar should expect Marcas button" duration="1"/>
    <testCase name="should render all components from sidebar should expect Veiculos button" duration="1"/>
    <testCase name="should render all components from sidebar should expect Usuarios button" duration="1"/>
    <testCase name="should render all components from sidebar should expect Sair button" duration="1"/>
  </file>
  <file path="/Users/thiagoazevedo/Documents/Acelera/ProjetoAcelera/carango-bom-base/src/tests/Brand/BrandService.test.jsx">
    <testCase name="should get all brands from backend List from backend is not empty" duration="1"/>
  </file>
  <file path="/Users/thiagoazevedo/Documents/Acelera/ProjetoAcelera/carango-bom-base/src/tests/components/sidebar/Sidebar.test.jsx">
    <testCase name="When I load the sidebar when user is authenticated should have the labels" duration="256"/>
    <testCase name="When I load the sidebar when user is not authenticated should have the labels" duration="85"/>
  </file>
  <file path="/Users/thiagoazevedo/Documents/Acelera/ProjetoAcelera/carango-bom-base/src/tests/page404/page404.test.jsx">
    <testCase name="When Create 404 Page Component should render Page not found" duration="61"/>
    <testCase name="When Create 404 Page Component should render Exclamation Component" duration="10"/>
  </file>
  <file path="/Users/thiagoazevedo/Documents/Acelera/ProjetoAcelera/carango-bom-base/src/tests/Brand/CreateBrand.test.jsx">
    <testCase name="When I create a Brand Component without id shoudl render have rendered the labels" duration="141"/>
    <testCase name="When I create a Brand Component without id when click on Voltar button" duration="57"/>
    <testCase name="When I create a Brand Component without id when click on Salvar button" duration="52"/>
    <testCase name="when load the create brand page with id when render the brand edit" duration="41">
      <failure message="TypeError: history.goBack is not a function"><![CDATA[TypeError: history.goBack is not a function
    at Object.onSubmit (/Users/thiagoazevedo/Documents/Acelera/ProjetoAcelera/carango-bom-base/src/pages/brand/create/CreateBrand.jsx:28:15)
    at onSubmit (/Users/thiagoazevedo/Documents/Acelera/ProjetoAcelera/carango-bom-base/src/components/form/Form.jsx:101:22)
    at HTMLUnknownElement.callCallback (/Users/thiagoazevedo/Documents/Acelera/ProjetoAcelera/carango-bom-base/node_modules/react-dom/cjs/react-dom.development.js:3945:14)
    at HTMLUnknownElement.callTheUserObjectsOperation (/Users/thiagoazevedo/Documents/Acelera/ProjetoAcelera/carango-bom-base/node_modules/jsdom/lib/jsdom/living/generated/EventListener.js:26:30)
    at innerInvokeEventListeners (/Users/thiagoazevedo/Documents/Acelera/ProjetoAcelera/carango-bom-base/node_modules/jsdom/lib/jsdom/living/events/EventTarget-impl.js:338:25)
    at invokeEventListeners (/Users/thiagoazevedo/Documents/Acelera/ProjetoAcelera/carango-bom-base/node_modules/jsdom/lib/jsdom/living/events/EventTarget-impl.js:274:3)
    at HTMLUnknownElementImpl._dispatch (/Users/thiagoazevedo/Documents/Acelera/ProjetoAcelera/carango-bom-base/node_modules/jsdom/lib/jsdom/living/events/EventTarget-impl.js:221:9)
    at HTMLUnknownElementImpl.dispatchEvent (/Users/thiagoazevedo/Documents/Acelera/ProjetoAcelera/carango-bom-base/node_modules/jsdom/lib/jsdom/living/events/EventTarget-impl.js:94:17)
    at HTMLUnknownElement.dispatchEvent (/Users/thiagoazevedo/Documents/Acelera/ProjetoAcelera/carango-bom-base/node_modules/jsdom/lib/jsdom/living/generated/EventTarget.js:231:34)
    at Object.invokeGuardedCallbackDev (/Users/thiagoazevedo/Documents/Acelera/ProjetoAcelera/carango-bom-base/node_modules/react-dom/cjs/react-dom.development.js:3994:16)
    at invokeGuardedCallback (/Users/thiagoazevedo/Documents/Acelera/ProjetoAcelera/carango-bom-base/node_modules/react-dom/cjs/react-dom.development.js:4056:31)
    at invokeGuardedCallbackAndCatchFirstError (/Users/thiagoazevedo/Documents/Acelera/ProjetoAcelera/carango-bom-base/node_modules/react-dom/cjs/react-dom.development.js:4070:25)
    at executeDispatch (/Users/thiagoazevedo/Documents/Acelera/ProjetoAcelera/carango-bom-base/node_modules/react-dom/cjs/react-dom.development.js:8243:3)
    at processDispatchQueueItemsInOrder (/Users/thiagoazevedo/Documents/Acelera/ProjetoAcelera/carango-bom-base/node_modules/react-dom/cjs/react-dom.development.js:8275:7)
    at processDispatchQueue (/Users/thiagoazevedo/Documents/Acelera/ProjetoAcelera/carango-bom-base/node_modules/react-dom/cjs/react-dom.development.js:8288:5)
    at dispatchEventsForPlugins (/Users/thiagoazevedo/Documents/Acelera/ProjetoAcelera/carango-bom-base/node_modules/react-dom/cjs/react-dom.development.js:8299:3)
    at /Users/thiagoazevedo/Documents/Acelera/ProjetoAcelera/carango-bom-base/node_modules/react-dom/cjs/react-dom.development.js:8508:12
    at batchedEventUpdates$1 (/Users/thiagoazevedo/Documents/Acelera/ProjetoAcelera/carango-bom-base/node_modules/react-dom/cjs/react-dom.development.js:22396:12)
    at batchedEventUpdates (/Users/thiagoazevedo/Documents/Acelera/ProjetoAcelera/carango-bom-base/node_modules/react-dom/cjs/react-dom.development.js:3745:12)
    at dispatchEventForPluginEventSystem (/Users/thiagoazevedo/Documents/Acelera/ProjetoAcelera/carango-bom-base/node_modules/react-dom/cjs/react-dom.development.js:8507:3)
    at attemptToDispatchEvent (/Users/thiagoazevedo/Documents/Acelera/ProjetoAcelera/carango-bom-base/node_modules/react-dom/cjs/react-dom.development.js:6005:3)
    at dispatchEvent (/Users/thiagoazevedo/Documents/Acelera/ProjetoAcelera/carango-bom-base/node_modules/react-dom/cjs/react-dom.development.js:5924:19)
    at unstable_runWithPriority (/Users/thiagoazevedo/Documents/Acelera/ProjetoAcelera/carango-bom-base/node_modules/scheduler/cjs/scheduler.development.js:468:12)
    at runWithPriority$1 (/Users/thiagoazevedo/Documents/Acelera/ProjetoAcelera/carango-bom-base/node_modules/react-dom/cjs/react-dom.development.js:11276:10)
    at discreteUpdates$1 (/Users/thiagoazevedo/Documents/Acelera/ProjetoAcelera/carango-bom-base/node_modules/react-dom/cjs/react-dom.development.js:22413:14)
    at discreteUpdates (/Users/thiagoazevedo/Documents/Acelera/ProjetoAcelera/carango-bom-base/node_modules/react-dom/cjs/react-dom.development.js:3756:12)
    at dispatchDiscreteEvent (/Users/thiagoazevedo/Documents/Acelera/ProjetoAcelera/carango-bom-base/node_modules/react-dom/cjs/react-dom.development.js:5889:3)
    at HTMLDivElement.callTheUserObjectsOperation (/Users/thiagoazevedo/Documents/Acelera/ProjetoAcelera/carango-bom-base/node_modules/jsdom/lib/jsdom/living/generated/EventListener.js:26:30)
    at innerInvokeEventListeners (/Users/thiagoazevedo/Documents/Acelera/ProjetoAcelera/carango-bom-base/node_modules/jsdom/lib/jsdom/living/events/EventTarget-impl.js:338:25)
    at invokeEventListeners (/Users/thiagoazevedo/Documents/Acelera/ProjetoAcelera/carango-bom-base/node_modules/jsdom/lib/jsdom/living/events/EventTarget-impl.js:274:3)
    at HTMLFormElementImpl._dispatch (/Users/thiagoazevedo/Documents/Acelera/ProjetoAcelera/carango-bom-base/node_modules/jsdom/lib/jsdom/living/events/EventTarget-impl.js:221:9)
    at fireAnEvent (/Users/thiagoazevedo/Documents/Acelera/ProjetoAcelera/carango-bom-base/node_modules/jsdom/lib/jsdom/living/helpers/events.js:18:36)
    at HTMLFormElementImpl.submit (/Users/thiagoazevedo/Documents/Acelera/ProjetoAcelera/carango-bom-base/node_modules/jsdom/lib/jsdom/living/nodes/HTMLFormElement-impl.js:84:10)
    at HTMLFormElementImpl._doSubmit (/Users/thiagoazevedo/Documents/Acelera/ProjetoAcelera/carango-bom-base/node_modules/jsdom/lib/jsdom/living/nodes/HTMLFormElement-impl.js:80:10)
    at HTMLButtonElementImpl._activationBehavior (/Users/thiagoazevedo/Documents/Acelera/ProjetoAcelera/carango-bom-base/node_modules/jsdom/lib/jsdom/living/nodes/HTMLButtonElement-impl.js:23:14)
    at HTMLSpanElementImpl._dispatch (/Users/thiagoazevedo/Documents/Acelera/ProjetoAcelera/carango-bom-base/node_modules/jsdom/lib/jsdom/living/events/EventTarget-impl.js:240:26)
    at HTMLSpanElementImpl.dispatchEvent (/Users/thiagoazevedo/Documents/Acelera/ProjetoAcelera/carango-bom-base/node_modules/jsdom/lib/jsdom/living/events/EventTarget-impl.js:94:17)
    at HTMLSpanElement.dispatchEvent (/Users/thiagoazevedo/Documents/Acelera/ProjetoAcelera/carango-bom-base/node_modules/jsdom/lib/jsdom/living/generated/EventTarget.js:231:34)
    at /Users/thiagoazevedo/Documents/Acelera/ProjetoAcelera/carango-bom-base/node_modules/@testing-library/dom/dist/events.js:25:20
    at /Users/thiagoazevedo/Documents/Acelera/ProjetoAcelera/carango-bom-base/node_modules/@testing-library/react/dist/pure.js:66:16
    at batchedUpdates$1 (/Users/thiagoazevedo/Documents/Acelera/ProjetoAcelera/carango-bom-base/node_modules/react-dom/cjs/react-dom.development.js:22380:12)
    at act (/Users/thiagoazevedo/Documents/Acelera/ProjetoAcelera/carango-bom-base/node_modules/react-dom/cjs/react-dom-test-utils.development.js:1042:14)
    at Object.eventWrapper (/Users/thiagoazevedo/Documents/Acelera/ProjetoAcelera/carango-bom-base/node_modules/@testing-library/react/dist/pure.js:65:28)
    at fireEvent (/Users/thiagoazevedo/Documents/Acelera/ProjetoAcelera/carango-bom-base/node_modules/@testing-library/dom/dist/events.js:16:35)
    at Function.fireEvent.<computed> [as click] (/Users/thiagoazevedo/Documents/Acelera/ProjetoAcelera/carango-bom-base/node_modules/@testing-library/dom/dist/events.js:125:36)
    at Function.click (/Users/thiagoazevedo/Documents/Acelera/ProjetoAcelera/carango-bom-base/node_modules/@testing-library/react/dist/fire-event.js:18:52)
    at Object.<anonymous> (/Users/thiagoazevedo/Documents/Acelera/ProjetoAcelera/carango-bom-base/src/tests/Brand/CreateBrand.test.jsx:40:15)
    at Promise.then.completed (/Users/thiagoazevedo/Documents/Acelera/ProjetoAcelera/carango-bom-base/node_modules/jest-circus/build/utils.js:276:28)
    at new Promise (<anonymous>)
    at callAsyncCircusFn (/Users/thiagoazevedo/Documents/Acelera/ProjetoAcelera/carango-bom-base/node_modules/jest-circus/build/utils.js:216:10)
    at _callCircusTest (/Users/thiagoazevedo/Documents/Acelera/ProjetoAcelera/carango-bom-base/node_modules/jest-circus/build/run.js:212:40)
    at _runTest (/Users/thiagoazevedo/Documents/Acelera/ProjetoAcelera/carango-bom-base/node_modules/jest-circus/build/run.js:149:3)
    at _runTestsForDescribeBlock (/Users/thiagoazevedo/Documents/Acelera/ProjetoAcelera/carango-bom-base/node_modules/jest-circus/build/run.js:63:9)
    at _runTestsForDescribeBlock (/Users/thiagoazevedo/Documents/Acelera/ProjetoAcelera/carango-bom-base/node_modules/jest-circus/build/run.js:57:9)
    at run (/Users/thiagoazevedo/Documents/Acelera/ProjetoAcelera/carango-bom-base/node_modules/jest-circus/build/run.js:25:3)
    at runAndTransformResultsToJestFormat (/Users/thiagoazevedo/Documents/Acelera/ProjetoAcelera/carango-bom-base/node_modules/jest-circus/build/legacy-code-todo-rewrite/jestAdapterInit.js:176:21)
    at jestAdapter (/Users/thiagoazevedo/Documents/Acelera/ProjetoAcelera/carango-bom-base/node_modules/jest-circus/build/legacy-code-todo-rewrite/jestAdapter.js:109:19)
    at runTestInternal (/Users/thiagoazevedo/Documents/Acelera/ProjetoAcelera/carango-bom-base/node_modules/jest-runner/build/runTest.js:380:16)
    at runTest (/Users/thiagoazevedo/Documents/Acelera/ProjetoAcelera/carango-bom-base/node_modules/jest-runner/build/runTest.js:472:34)
    at Object.worker (/Users/thiagoazevedo/Documents/Acelera/ProjetoAcelera/carango-bom-base/node_modules/jest-runner/build/testWorker.js:133:12)]]></failure>
    </testCase>
    <testCase name="when load the create brand page with id when update the brand edited" duration="47"/>
  </file>
  <file path="/Users/thiagoazevedo/Documents/Acelera/ProjetoAcelera/carango-bom-base/src/tests/form/form.test.jsx">
    <testCase name="When I create a valid Form component should render all the textfield fields received" duration="190"/>
    <testCase name="When I create a valid Form component should render all the select fields received" duration="81"/>
    <testCase name="When I create a valid Form component should render the main button" duration="69"/>
    <testCase name="When I create a valid Form component should not render the secondary button if not used" duration="145"/>
    <testCase name="When I create a valid Form component should render the secondary button if passed" duration="67"/>
    <testCase name="When I create a valid Form component and I click the main submit button should call the onSubmit function" duration="71"/>
    <testCase name="When I create a valid Form component and I click the secondary submit button should call the onSubmit function" duration="59"/>
  </file>
  <file path="/Users/thiagoazevedo/Documents/Acelera/ProjetoAcelera/carango-bom-base/src/tests/User/UserPage.test.jsx">
    <testCase name="When I create a User Component and the Table rendered and the Columns rendered should expect Username Column" duration="356"/>
    <testCase name="When I create a User Component and the Table rendered and the Button Labels rendered should expect Novo button" duration="156"/>
    <testCase name="When I create a User Component and the Table rendered and the Button Labels rendered should expect Excluir button" duration="140"/>
    <testCase name="When I create a User Component and the Table rendered and the Button Labels rendered should expect Alterar button" duration="120"/>
    <testCase name="When I create a User Component and the Table rendered when click in the Novo Button should have route /usuarios/novo" duration="169"/>
    <testCase name="When I create a User Component and the Table rendered when click in the Remover Button should delete the selected user" duration="115"/>
  </file>
  <file path="/Users/thiagoazevedo/Documents/Acelera/ProjetoAcelera/carango-bom-base/src/tests/Brand/BrandPage.test.jsx">
    <testCase name="When I create a Brand Component and the button renders should expect Novo button" duration="419"/>
    <testCase name="When I create a Brand Component and the button renders and the loading finishes should expect Alterar button" duration="201"/>
    <testCase name="When I create a Brand Component and the button renders and the loading finishes should expect Excluir button" duration="175"/>
    <testCase name="When I create a Brand Component and the button renders and I click on Novo button should have route /brands/novo/" duration="161"/>
    <testCase name="When I create a Brand Component should call the brands list call" duration="166"/>
  </file>
  <file path="/Users/thiagoazevedo/Documents/Acelera/ProjetoAcelera/carango-bom-base/src/tests/Table/Table.test.jsx">
    <testCase name="When Create Table Component the Columns Render should render columns from Vehicle Table should expect all columns" duration="380"/>
    <testCase name="When Create Table Component the Columns Render the Fields Render should render fields from Vehicle Table should expect all fields" duration="212"/>
    <testCase name="When Create Table Component the Columns Render the Alterar button should rendered" duration="173"/>
    <testCase name="When Create Table Component the Columns Render the Alterar button should call alterar callback is clicked" duration="202"/>
    <testCase name="When Create Table Component the Columns Render the Delete button should be rendered" duration="159"/>
    <testCase name="When Create Table Component the Columns Render the Delete button should call remove callback is clicked" duration="210"/>
  </file>
  <file path="/Users/thiagoazevedo/Documents/Acelera/ProjetoAcelera/carango-bom-base/src/tests/Vehicle/VehiclePage.test.jsx">
    <testCase name="When I create a Vehicle Component and the Table rendered and the Columns rendered should expect Marca Column" duration="502"/>
    <testCase name="When I create a Vehicle Component and the Table rendered and the Columns rendered should expect Modelo Column" duration="258"/>
    <testCase name="When I create a Vehicle Component and the Table rendered and the Columns rendered should expect Ano Column" duration="210"/>
    <testCase name="When I create a Vehicle Component and the Table rendered should have called VehicleService.List" duration="204"/>
    <testCase name="When I create a Vehicle Component and the button Novo should expect to be in the document" duration="167"/>
    <testCase name="When I create a Vehicle Component and the button Novo and is clicked should have route /veiculos/novo" duration="150"/>
    <testCase name="When I create a Vehicle Component and the button Alterar should expect to be in the document" duration="144"/>
    <testCase name="When I create a Vehicle Component and the button Alterar and is clicked should have route /veiculos/editar/{id}" duration="164"/>
    <testCase name="When I create a Vehicle Component and the button Excluir should expect Excluir button" duration="138"/>
    <testCase name="When I create a Vehicle Component and the button Excluir and is clicked with an invalid vehicle id should throw an error" duration="191"/>
    <testCase name="When I create a Vehicle Component and the button Excluir and is clicked and I click on Confirmar button should have removed the line from the grid" duration="304"/>
    <testCase name="When I create a Vehicle Component and the button Excluir and is clicked and I click on Cancelar button should not remove the line from the grid" duration="186"/>
  </file>
</testExecutions>